<?xml version="1.0" encoding="UTF-8"?>
<testng-results skipped="0" failed="2" total="4" passed="2">
  <reporter-output>
    <line>
      <![CDATA[[21:00:19.224] Navigate to http://prestashop-automation.qatestlab.com.ua/]]>
    </line>
    <line>
      <![CDATA[[21:00:19.255] Navigate to http://prestashop-automation.qatestlab.com.ua/]]>
    </line>
    <line>
      <![CDATA[[21:00:23.658] Search for element By.cssSelector: i.material-icons.d-inline]]>
    </line>
    <line>
      <![CDATA[[21:00:23.71 ] Search for element By.id: _mobile_logo]]>
    </line>
    <line>
      <![CDATA[[21:00:23.738] Search for element By.id: _mobile_user_info]]>
    </line>
    <line>
      <![CDATA[[21:00:23.771] Search for element By.xpath: //a[@class='all-product-link' or contains(.,'Все товары')]]]>
    </line>
    <line>
      <![CDATA[[21:00:23.803] Execute script: arguments[0].scrollIntoView(true);]]>
    </line>
    <line>
      <![CDATA[[21:00:23.818] Script executed]]>
    </line>
    <line>
      <![CDATA[[21:00:23.818] Search for element By.xpath: //a[@class='all-product-link' or contains(.,'Все товары')]]]>
    </line>
    <line>
      <![CDATA[[21:00:23.852] Click on element a]]>
    </line>
    <line>
      <![CDATA[[21:00:23.937] Search for element By.cssSelector: #contact-link > a]]>
    </line>
    <line>
      <![CDATA[[21:00:24.014] Search for element By.cssSelector: #category-3 > a]]>
    </line>
    <line>
      <![CDATA[[21:00:24.07 ] Search for element By.xpath: //div[@class='header']/span[1]]]>
    </line>
    <line>
      <![CDATA[[21:00:24.134] Search for element By.xpath: //a[@class='all-product-link' or contains(.,'Все товары')]]]>
    </line>
    <line>
      <![CDATA[[21:00:24.17 ] Execute script: arguments[0].scrollIntoView(true);]]>
    </line>
    <line>
      <![CDATA[[21:00:24.181] Script executed]]>
    </line>
    <line>
      <![CDATA[[21:00:24.181] Search for element By.xpath: //a[@class='all-product-link' or contains(.,'Все товары')]]]>
    </line>
    <line>
      <![CDATA[[21:00:24.22 ] Click on element a]]>
    </line>
    <line>
      <![CDATA[[21:00:25.182] Search for element By.cssSelector: .product-description]]>
    </line>
    <line>
      <![CDATA[[21:00:25.561] Search for element By.cssSelector: .product-description]]>
    </line>
  </reporter-output>
  <suite name="Products Management" duration-ms="11223" started-at="2017-10-18T18:00:14Z" finished-at="2017-10-18T18:00:25Z">
    <groups>
    </groups>
    <test name="Task 5 [Android]" duration-ms="10866" started-at="2017-10-18T18:00:14Z" finished-at="2017-10-18T18:00:25Z">
      <class name="task5.QATestTask5.tests.PlaceOrderTest">
        <test-method status="PASS" signature="checkSiteVersion(java.lang.String)[pri:0, instance:task5.QATestTask5.tests.PlaceOrderTest@14ba872]" name="checkSiteVersion" duration-ms="9378" started-at="2017-10-18T21:00:14Z" finished-at="2017-10-18T21:00:23Z">
          <params>
            <param index="0">
              <value>
                <![CDATA[android]]>
              </value>
            </param>
          </params>
          <reporter-output>
            <line>
              <![CDATA[[21:00:19.224] Navigate to http://prestashop-automation.qatestlab.com.ua/]]>
            </line>
            <line>
              <![CDATA[[21:00:23.658] Search for element By.cssSelector: i.material-icons.d-inline]]>
            </line>
            <line>
              <![CDATA[[21:00:23.71 ] Search for element By.id: _mobile_logo]]>
            </line>
            <line>
              <![CDATA[[21:00:23.738] Search for element By.id: _mobile_user_info]]>
            </line>
          </reporter-output>
        </test-method> <!-- checkSiteVersion -->
        <test-method status="FAIL" signature="createNewOrder()[pri:0, instance:task5.QATestTask5.tests.PlaceOrderTest@14ba872]" name="createNewOrder" duration-ms="1464" started-at="2017-10-18T21:00:23Z" depends-on-methods="task5.QATestTask5.tests.PlaceOrderTest.checkSiteVersion" finished-at="2017-10-18T21:00:25Z">
          <exception class="java.lang.IndexOutOfBoundsException">
            <message>
              <![CDATA[Index: 7, Size: 7]]>
            </message>
            <full-stacktrace>
              <![CDATA[java.lang.IndexOutOfBoundsException: Index: 7, Size: 7
	at java.util.ArrayList.rangeCheck(Unknown Source)
	at java.util.ArrayList.get(Unknown Source)
	at task5.QATestTask5.tests.PlaceOrderTest.clickRandomProduct(PlaceOrderTest.java:116)
	at task5.QATestTask5.tests.PlaceOrderTest.createNewOrder(PlaceOrderTest.java:93)
	at sun.reflect.NativeMethodAccessorImpl.invoke0(Native Method)
	at sun.reflect.NativeMethodAccessorImpl.invoke(Unknown Source)
	at sun.reflect.DelegatingMethodAccessorImpl.invoke(Unknown Source)
	at java.lang.reflect.Method.invoke(Unknown Source)
	at org.testng.internal.MethodInvocationHelper.invokeMethod(MethodInvocationHelper.java:86)
	at org.testng.internal.Invoker.invokeMethod(Invoker.java:643)
	at org.testng.internal.Invoker.invokeTestMethod(Invoker.java:820)
	at org.testng.internal.Invoker.invokeTestMethods(Invoker.java:1128)
	at org.testng.internal.TestMethodWorker.invokeTestMethods(TestMethodWorker.java:129)
	at org.testng.internal.TestMethodWorker.run(TestMethodWorker.java:112)
	at org.testng.TestRunner.privateRun(TestRunner.java:782)
	at org.testng.TestRunner.run(TestRunner.java:632)
	at org.testng.SuiteRunner.runTest(SuiteRunner.java:366)
	at org.testng.SuiteRunner.access$000(SuiteRunner.java:39)
	at org.testng.SuiteRunner$SuiteWorker.run(SuiteRunner.java:400)
	at org.testng.internal.thread.ThreadUtil$2.call(ThreadUtil.java:64)
	at java.util.concurrent.FutureTask.run(Unknown Source)
	at java.util.concurrent.ThreadPoolExecutor.runWorker(Unknown Source)
	at java.util.concurrent.ThreadPoolExecutor$Worker.run(Unknown Source)
	at java.lang.Thread.run(Unknown Source)
]]>
            </full-stacktrace>
          </exception> <!-- java.lang.IndexOutOfBoundsException -->
          <reporter-output>
            <line>
              <![CDATA[[21:00:23.771] Search for element By.xpath: //a[@class='all-product-link' or contains(.,'Все товары')]]]>
            </line>
            <line>
              <![CDATA[[21:00:23.803] Execute script: arguments[0].scrollIntoView(true);]]>
            </line>
            <line>
              <![CDATA[[21:00:23.818] Script executed]]>
            </line>
            <line>
              <![CDATA[[21:00:23.818] Search for element By.xpath: //a[@class='all-product-link' or contains(.,'Все товары')]]]>
            </line>
            <line>
              <![CDATA[[21:00:23.852] Click on element a]]>
            </line>
            <line>
              <![CDATA[[21:00:25.182] Search for element By.cssSelector: .product-description]]>
            </line>
          </reporter-output>
        </test-method> <!-- createNewOrder -->
      </class> <!-- task5.QATestTask5.tests.PlaceOrderTest -->
    </test> <!-- Task 5 [Android] -->
    <test name="Task 5 [Chrome]" duration-ms="11223" started-at="2017-10-18T18:00:14Z" finished-at="2017-10-18T18:00:25Z">
      <class name="task5.QATestTask5.tests.PlaceOrderTest">
        <test-method status="PASS" signature="checkSiteVersion(java.lang.String)[pri:0, instance:task5.QATestTask5.tests.PlaceOrderTest@a3ffec]" name="checkSiteVersion" duration-ms="9742" started-at="2017-10-18T21:00:14Z" finished-at="2017-10-18T21:00:24Z">
          <params>
            <param index="0">
              <value>
                <![CDATA[chrome]]>
              </value>
            </param>
          </params>
          <reporter-output>
            <line>
              <![CDATA[[21:00:19.255] Navigate to http://prestashop-automation.qatestlab.com.ua/]]>
            </line>
            <line>
              <![CDATA[[21:00:23.937] Search for element By.cssSelector: #contact-link > a]]>
            </line>
            <line>
              <![CDATA[[21:00:24.014] Search for element By.cssSelector: #category-3 > a]]>
            </line>
            <line>
              <![CDATA[[21:00:24.07 ] Search for element By.xpath: //div[@class='header']/span[1]]]>
            </line>
          </reporter-output>
        </test-method> <!-- checkSiteVersion -->
        <test-method status="FAIL" signature="createNewOrder()[pri:0, instance:task5.QATestTask5.tests.PlaceOrderTest@a3ffec]" name="createNewOrder" duration-ms="1463" started-at="2017-10-18T21:00:24Z" depends-on-methods="task5.QATestTask5.tests.PlaceOrderTest.checkSiteVersion" finished-at="2017-10-18T21:00:25Z">
          <exception class="java.lang.IndexOutOfBoundsException">
            <message>
              <![CDATA[Index: 11, Size: 7]]>
            </message>
            <full-stacktrace>
              <![CDATA[java.lang.IndexOutOfBoundsException: Index: 11, Size: 7
	at java.util.ArrayList.rangeCheck(Unknown Source)
	at java.util.ArrayList.get(Unknown Source)
	at task5.QATestTask5.tests.PlaceOrderTest.clickRandomProduct(PlaceOrderTest.java:116)
	at task5.QATestTask5.tests.PlaceOrderTest.createNewOrder(PlaceOrderTest.java:93)
	at sun.reflect.NativeMethodAccessorImpl.invoke0(Native Method)
	at sun.reflect.NativeMethodAccessorImpl.invoke(Unknown Source)
	at sun.reflect.DelegatingMethodAccessorImpl.invoke(Unknown Source)
	at java.lang.reflect.Method.invoke(Unknown Source)
	at org.testng.internal.MethodInvocationHelper.invokeMethod(MethodInvocationHelper.java:86)
	at org.testng.internal.Invoker.invokeMethod(Invoker.java:643)
	at org.testng.internal.Invoker.invokeTestMethod(Invoker.java:820)
	at org.testng.internal.Invoker.invokeTestMethods(Invoker.java:1128)
	at org.testng.internal.TestMethodWorker.invokeTestMethods(TestMethodWorker.java:129)
	at org.testng.internal.TestMethodWorker.run(TestMethodWorker.java:112)
	at org.testng.TestRunner.privateRun(TestRunner.java:782)
	at org.testng.TestRunner.run(TestRunner.java:632)
	at org.testng.SuiteRunner.runTest(SuiteRunner.java:366)
	at org.testng.SuiteRunner.access$000(SuiteRunner.java:39)
	at org.testng.SuiteRunner$SuiteWorker.run(SuiteRunner.java:400)
	at org.testng.internal.thread.ThreadUtil$2.call(ThreadUtil.java:64)
	at java.util.concurrent.FutureTask.run(Unknown Source)
	at java.util.concurrent.ThreadPoolExecutor.runWorker(Unknown Source)
	at java.util.concurrent.ThreadPoolExecutor$Worker.run(Unknown Source)
	at java.lang.Thread.run(Unknown Source)
]]>
            </full-stacktrace>
          </exception> <!-- java.lang.IndexOutOfBoundsException -->
          <reporter-output>
            <line>
              <![CDATA[[21:00:24.134] Search for element By.xpath: //a[@class='all-product-link' or contains(.,'Все товары')]]]>
            </line>
            <line>
              <![CDATA[[21:00:24.17 ] Execute script: arguments[0].scrollIntoView(true);]]>
            </line>
            <line>
              <![CDATA[[21:00:24.181] Script executed]]>
            </line>
            <line>
              <![CDATA[[21:00:24.181] Search for element By.xpath: //a[@class='all-product-link' or contains(.,'Все товары')]]]>
            </line>
            <line>
              <![CDATA[[21:00:24.22 ] Click on element a]]>
            </line>
            <line>
              <![CDATA[[21:00:25.561] Search for element By.cssSelector: .product-description]]>
            </line>
          </reporter-output>
        </test-method> <!-- createNewOrder -->
      </class> <!-- task5.QATestTask5.tests.PlaceOrderTest -->
    </test> <!-- Task 5 [Chrome] -->
  </suite> <!-- Products Management -->
</testng-results>
